[ 2015-06-01T09:21:21+08:00 ] ::1 /tp.com/shop/index.php/home/user/register
INFO: [ app_init ] --START--
INFO: Run Behavior\BuildLiteBehavior [ RunTime:0.000021s ]
INFO: [ app_init ] --END-- [ RunTime:0.001356s ]

[ 2015-06-01T09:21:23+08:00 ] ::1 /tp.com/shop/index.php/home/user/register
INFO: [ app_init ] --START--
INFO: Run Behavior\BuildLiteBehavior [ RunTime:0.000015s ]
INFO: [ app_init ] --END-- [ RunTime:0.000379s ]

[ 2015-06-01T09:21:25+08:00 ] ::1 /tp.com/shop/index.php/home/user/register
INFO: [ app_init ] --START--
INFO: Run Behavior\BuildLiteBehavior [ RunTime:0.000014s ]
INFO: [ app_init ] --END-- [ RunTime:0.000263s ]

[ 2015-06-01T09:21:27+08:00 ] ::1 /tp.com/shop/index.php/home/user/register
INFO: [ app_init ] --START--
INFO: Run Behavior\BuildLiteBehavior [ RunTime:0.000056s ]
INFO: [ app_init ] --END-- [ RunTime:0.000332s ]

[ 2015-06-01T09:21:29+08:00 ] ::1 /tp.com/shop/index.php/home/user/register
INFO: [ app_init ] --START--
INFO: Run Behavior\BuildLiteBehavior [ RunTime:0.000013s ]
INFO: [ app_init ] --END-- [ RunTime:0.000257s ]

[ 2015-06-01T09:28:03+08:00 ] ::1 /tp.com/shop/index.php/home/user/register
INFO: [ app_init ] --START--
INFO: Run Behavior\BuildLiteBehavior [ RunTime:0.000019s ]
INFO: [ app_init ] --END-- [ RunTime:0.000369s ]

[ 2015-06-01T09:28:04+08:00 ] ::1 /tp.com/shop/index.php/home/user/register
INFO: [ app_init ] --START--
INFO: Run Behavior\BuildLiteBehavior [ RunTime:0.000019s ]
INFO: [ app_init ] --END-- [ RunTime:0.000366s ]

[ 2015-06-01T09:28:06+08:00 ] ::1 /tp.com/shop/index.php/home/user/register
INFO: [ app_init ] --START--
INFO: Run Behavior\BuildLiteBehavior [ RunTime:0.000015s ]
INFO: [ app_init ] --END-- [ RunTime:0.000296s ]

[ 2015-06-01T09:28:09+08:00 ] ::1 /tp.com/shop/index.php/home/user/register
INFO: [ app_init ] --START--
INFO: Run Behavior\BuildLiteBehavior [ RunTime:0.000014s ]
INFO: [ app_init ] --END-- [ RunTime:0.000263s ]

[ 2015-06-01T09:28:15+08:00 ] ::1 /tp.com/shop/index.php/home/user/register
INFO: [ app_init ] --START--
INFO: Run Behavior\BuildLiteBehavior [ RunTime:0.000028s ]
INFO: [ app_init ] --END-- [ RunTime:0.000610s ]

[ 2015-06-01T09:28:17+08:00 ] ::1 /tp.com/shop/index.php/home/user/register
INFO: [ app_init ] --START--
INFO: Run Behavior\BuildLiteBehavior [ RunTime:0.000022s ]
INFO: [ app_init ] --END-- [ RunTime:0.000424s ]

[ 2015-06-01T09:29:16+08:00 ] ::1 /tp.com/shop/index.php/home/user/register
INFO: [ app_init ] --START--
INFO: Run Behavior\BuildLiteBehavior [ RunTime:0.000018s ]
INFO: [ app_init ] --END-- [ RunTime:0.000384s ]

[ 2015-06-01T09:29:18+08:00 ] ::1 /tp.com/shop/index.php/home/user/register
INFO: [ app_init ] --START--
INFO: Run Behavior\BuildLiteBehavior [ RunTime:0.000016s ]
INFO: [ app_init ] --END-- [ RunTime:0.000295s ]

[ 2015-06-01T09:29:21+08:00 ] ::1 /tp.com/shop/index.php/home/user/register
INFO: [ app_init ] --START--
INFO: Run Behavior\BuildLiteBehavior [ RunTime:0.000025s ]
INFO: [ app_init ] --END-- [ RunTime:0.000503s ]

[ 2015-06-01T09:29:23+08:00 ] ::1 /tp.com/shop/index.php/home/user/register
INFO: [ app_init ] --START--
INFO: Run Behavior\BuildLiteBehavior [ RunTime:0.000022s ]
INFO: [ app_init ] --END-- [ RunTime:0.000636s ]

[ 2015-06-01T09:29:26+08:00 ] ::1 /tp.com/shop/index.php/home/user/register
INFO: [ app_init ] --START--
INFO: Run Behavior\BuildLiteBehavior [ RunTime:0.000014s ]
INFO: [ app_init ] --END-- [ RunTime:0.000271s ]

[ 2015-06-01T09:29:27+08:00 ] ::1 /tp.com/shop/index.php/home/user/register
INFO: [ app_init ] --START--
INFO: Run Behavior\BuildLiteBehavior [ RunTime:0.000018s ]
INFO: [ app_init ] --END-- [ RunTime:0.000348s ]

[ 2015-06-01T09:30:38+08:00 ] ::1 /tp.com/shop/index.php/home/user/register
INFO: [ app_init ] --START--
INFO: Run Behavior\BuildLiteBehavior [ RunTime:0.000019s ]
INFO: [ app_init ] --END-- [ RunTime:0.000367s ]

[ 2015-06-01T09:30:40+08:00 ] ::1 /tp.com/shop/index.php/home/user/register
INFO: [ app_init ] --START--
INFO: Run Behavior\BuildLiteBehavior [ RunTime:0.000015s ]
INFO: [ app_init ] --END-- [ RunTime:0.000273s ]

[ 2015-06-01T09:30:45+08:00 ] ::1 /tp.com/shop/index.php/home/user/register
INFO: [ app_init ] --START--
INFO: Run Behavior\BuildLiteBehavior [ RunTime:0.000015s ]
INFO: [ app_init ] --END-- [ RunTime:0.000293s ]

[ 2015-06-01T09:30:51+08:00 ] ::1 /tp.com/shop/index.php/home/user/register
INFO: [ app_init ] --START--
INFO: Run Behavior\BuildLiteBehavior [ RunTime:0.000020s ]
INFO: [ app_init ] --END-- [ RunTime:0.000428s ]

[ 2015-06-01T09:30:53+08:00 ] ::1 /tp.com/shop/index.php/home/user/register
INFO: [ app_init ] --START--
INFO: Run Behavior\BuildLiteBehavior [ RunTime:0.000013s ]
INFO: [ app_init ] --END-- [ RunTime:0.000293s ]

[ 2015-06-01T09:30:56+08:00 ] ::1 /tp.com/shop/index.php/home/user/register
INFO: [ app_init ] --START--
INFO: Run Behavior\BuildLiteBehavior [ RunTime:0.000014s ]
INFO: [ app_init ] --END-- [ RunTime:0.000260s ]

[ 2015-06-01T09:37:46+08:00 ] ::1 /tp.com/shop/index.php/home/user/register
INFO: [ app_init ] --START--
INFO: Run Behavior\BuildLiteBehavior [ RunTime:0.000014s ]
INFO: [ app_init ] --END-- [ RunTime:0.000298s ]

[ 2015-06-01T09:37:48+08:00 ] ::1 /tp.com/shop/index.php/home/user/register
INFO: [ app_init ] --START--
INFO: Run Behavior\BuildLiteBehavior [ RunTime:0.000028s ]
INFO: [ app_init ] --END-- [ RunTime:0.000569s ]

[ 2015-06-01T09:37:50+08:00 ] ::1 /tp.com/shop/index.php/home/user/register
INFO: [ app_init ] --START--
INFO: Run Behavior\BuildLiteBehavior [ RunTime:0.000015s ]
INFO: [ app_init ] --END-- [ RunTime:0.000284s ]

[ 2015-06-01T10:37:25+08:00 ] ::1 /tp.com/shop/index.php/home/user/register
INFO: [ app_init ] --START--
INFO: Run Behavior\BuildLiteBehavior [ RunTime:0.000026s ]
INFO: [ app_init ] --END-- [ RunTime:0.000893s ]

[ 2015-06-01T10:38:18+08:00 ] ::1 /tp.com/shop/index.php/home/user/register
INFO: [ app_init ] --START--
INFO: Run Behavior\BuildLiteBehavior [ RunTime:0.000023s ]
INFO: [ app_init ] --END-- [ RunTime:0.000384s ]

[ 2015-06-01T10:38:20+08:00 ] ::1 /tp.com/shop/index.php/home/user/register
INFO: [ app_init ] --START--
INFO: Run Behavior\BuildLiteBehavior [ RunTime:0.000015s ]
INFO: [ app_init ] --END-- [ RunTime:0.000346s ]

[ 2015-06-01T10:38:21+08:00 ] ::1 /tp.com/shop/index.php/home/user/register
INFO: [ app_init ] --START--
INFO: Run Behavior\BuildLiteBehavior [ RunTime:0.000014s ]
INFO: [ app_init ] --END-- [ RunTime:0.000269s ]

[ 2015-06-01T10:38:29+08:00 ] ::1 /tp.com/shop/index.php/home/user/register
INFO: [ app_init ] --START--
INFO: Run Behavior\BuildLiteBehavior [ RunTime:0.000020s ]
INFO: [ app_init ] --END-- [ RunTime:0.000370s ]

[ 2015-06-01T10:38:31+08:00 ] ::1 /tp.com/shop/index.php/home/user/register
INFO: [ app_init ] --START--
INFO: Run Behavior\BuildLiteBehavior [ RunTime:0.000018s ]
INFO: [ app_init ] --END-- [ RunTime:0.000388s ]

[ 2015-06-01T10:39:35+08:00 ] ::1 /tp.com/shop/index.php/home/user/register
INFO: [ app_init ] --START--
INFO: Run Behavior\BuildLiteBehavior [ RunTime:0.000029s ]
INFO: [ app_init ] --END-- [ RunTime:0.000528s ]

[ 2015-06-01T10:39:36+08:00 ] ::1 /tp.com/shop/index.php/home/user/register
INFO: [ app_init ] --START--
INFO: Run Behavior\BuildLiteBehavior [ RunTime:0.000016s ]
INFO: [ app_init ] --END-- [ RunTime:0.000350s ]

[ 2015-06-01T10:40:12+08:00 ] ::1 /tp.com/shop/index.php/home/user/register
INFO: [ app_init ] --START--
INFO: Run Behavior\BuildLiteBehavior [ RunTime:0.000016s ]
INFO: [ app_init ] --END-- [ RunTime:0.000307s ]

[ 2015-06-01T10:40:15+08:00 ] ::1 /tp.com/shop/index.php/home/user/register
INFO: [ app_init ] --START--
INFO: Run Behavior\BuildLiteBehavior [ RunTime:0.000016s ]
INFO: [ app_init ] --END-- [ RunTime:0.000483s ]

[ 2015-06-01T11:45:26+08:00 ] ::1 /tp.com/shop/index.php/home/user/register
INFO: [ app_init ] --START--
INFO: Run Behavior\BuildLiteBehavior [ RunTime:0.000023s ]
INFO: [ app_init ] --END-- [ RunTime:0.000686s ]

[ 2015-06-01T13:41:06+08:00 ] ::1 /tp.com/shop/index.php/home/user/register
INFO: [ app_init ] --START--
INFO: Run Behavior\BuildLiteBehavior [ RunTime:0.000018s ]
INFO: [ app_init ] --END-- [ RunTime:0.000601s ]

[ 2015-06-01T13:41:39+08:00 ] ::1 /tp.com/shop/index.php/home/user/register
INFO: [ app_init ] --START--
INFO: Run Behavior\BuildLiteBehavior [ RunTime:0.000017s ]
INFO: [ app_init ] --END-- [ RunTime:0.000530s ]

[ 2015-06-01T13:55:07+08:00 ] ::1 /tp.com/shop/index.php/home/user/register
INFO: [ app_init ] --START--
INFO: Run Behavior\BuildLiteBehavior [ RunTime:0.000017s ]
INFO: [ app_init ] --END-- [ RunTime:0.000446s ]

[ 2015-06-01T13:55:31+08:00 ] ::1 /tp.com/shop/index.php/home/user/register
INFO: [ app_init ] --START--
INFO: Run Behavior\BuildLiteBehavior [ RunTime:0.000024s ]
INFO: [ app_init ] --END-- [ RunTime:0.000401s ]

[ 2015-06-01T13:55:34+08:00 ] ::1 /tp.com/shop/index.php/home/index/index.html
INFO: [ app_init ] --START--
INFO: Run Behavior\BuildLiteBehavior [ RunTime:0.000015s ]
INFO: [ app_init ] --END-- [ RunTime:0.000404s ]
ERR: Syntax Error in template "/Users/pein/www/tp.com/shop/Home/View/Index/index.html"  on line 405 ".boxCenterList form{display:inline;}"  - Unexpected ":", expected one of: "}" , " "

[ 2015-06-01T14:01:41+08:00 ] ::1 /tp.com/shop/index.php/home/index/index
INFO: [ app_init ] --START--
INFO: Run Behavior\BuildLiteBehavior [ RunTime:0.000022s ]
INFO: [ app_init ] --END-- [ RunTime:0.000663s ]
ERR: Syntax Error in template "/Users/pein/www/tp.com/shop/Home/View/Index/index.html"  on line 405 ".boxCenterList form{display:inline;}"  - Unexpected ":", expected one of: "}" , " "

[ 2015-06-01T14:01:46+08:00 ] ::1 /tp.com/shop/index.php/home/index/Index
INFO: [ app_init ] --START--
INFO: Run Behavior\BuildLiteBehavior [ RunTime:0.000014s ]
INFO: [ app_init ] --END-- [ RunTime:0.000286s ]
ERR: Syntax Error in template "/Users/pein/www/tp.com/shop/Home/View/Index/Index.html"  on line 405 ".boxCenterList form{display:inline;}"  - Unexpected ":", expected one of: "}" , " "

[ 2015-06-01T14:01:50+08:00 ] ::1 /tp.com/shop/index.php/home/Index/Index
INFO: [ app_init ] --START--
INFO: Run Behavior\BuildLiteBehavior [ RunTime:0.000023s ]
INFO: [ app_init ] --END-- [ RunTime:0.000579s ]
ERR: Syntax Error in template "/Users/pein/www/tp.com/shop/Home/View/Index/Index.html"  on line 405 ".boxCenterList form{display:inline;}"  - Unexpected ":", expected one of: "}" , " "

[ 2015-06-01T14:01:53+08:00 ] ::1 /tp.com/shop/index.php/home/Index/Index
INFO: [ app_init ] --START--
INFO: Run Behavior\BuildLiteBehavior [ RunTime:0.000014s ]
INFO: [ app_init ] --END-- [ RunTime:0.000283s ]
ERR: Syntax Error in template "/Users/pein/www/tp.com/shop/Home/View/Index/Index.html"  on line 405 ".boxCenterList form{display:inline;}"  - Unexpected ":", expected one of: "}" , " "

[ 2015-06-01T14:02:03+08:00 ] ::1 /tp.com/shop/index.php/Home/Index/Index
INFO: [ app_init ] --START--
INFO: Run Behavior\BuildLiteBehavior [ RunTime:0.000016s ]
INFO: [ app_init ] --END-- [ RunTime:0.000305s ]
ERR: Syntax Error in template "/Users/pein/www/tp.com/shop/Home/View/Index/Index.html"  on line 405 ".boxCenterList form{display:inline;}"  - Unexpected ":", expected one of: "}" , " "

[ 2015-06-01T14:02:33+08:00 ] ::1 /tp.com/shop/
INFO: [ app_init ] --START--
INFO: Run Behavior\BuildLiteBehavior [ RunTime:0.000017s ]
INFO: [ app_init ] --END-- [ RunTime:0.000343s ]
ERR: Syntax Error in template "/Users/pein/www/tp.com/shop/Home/View/Index/index.html"  on line 405 ".boxCenterList form{display:inline;}"  - Unexpected ":", expected one of: "}" , " "

[ 2015-06-01T14:02:38+08:00 ] ::1 /tp.com/shop/
INFO: [ app_init ] --START--
INFO: Run Behavior\BuildLiteBehavior [ RunTime:0.000014s ]
INFO: [ app_init ] --END-- [ RunTime:0.000263s ]
ERR: Syntax Error in template "/Users/pein/www/tp.com/shop/Home/View/Index/index.html"  on line 405 ".boxCenterList form{display:inline;}"  - Unexpected ":", expected one of: "}" , " "

[ 2015-06-01T14:02:48+08:00 ] ::1 /tp.com/shop/index.php/Home/Index/Index
INFO: [ app_init ] --START--
INFO: Run Behavior\BuildLiteBehavior [ RunTime:0.000014s ]
INFO: [ app_init ] --END-- [ RunTime:0.000265s ]
ERR: Syntax Error in template "/Users/pein/www/tp.com/shop/Home/View/Index/Index.html"  on line 405 ".boxCenterList form{display:inline;}"  - Unexpected ":", expected one of: "}" , " "

[ 2015-06-01T14:03:08+08:00 ] ::1 /tp.com/shop/index.php/Home/Index/Index
INFO: [ app_init ] --START--
INFO: Run Behavior\BuildLiteBehavior [ RunTime:0.000013s ]
INFO: [ app_init ] --END-- [ RunTime:0.000328s ]
ERR: Syntax Error in template "/Users/pein/www/tp.com/shop/Home/View/Index/Index.html"  on line 405 ".boxCenterList form{display:inline;}"  - Unexpected ":", expected one of: "}" , " "

[ 2015-06-01T14:21:33+08:00 ] ::1 /tp.com/shop/index.php/Home/goods/show
INFO: [ app_init ] --START--
INFO: Run Behavior\BuildLiteBehavior [ RunTime:0.000023s ]
INFO: [ app_init ] --END-- [ RunTime:0.000634s ]
ERR: 非法操作:show

[ 2015-06-01T14:21:45+08:00 ] ::1 /tp.com/shop/index.php/Home/user/login
INFO: [ app_init ] --START--
INFO: Run Behavior\BuildLiteBehavior [ RunTime:0.000014s ]
INFO: [ app_init ] --END-- [ RunTime:0.000271s ]

[ 2015-06-01T14:21:45+08:00 ] ::1 /tp.com/shop/index.php/Home/user/logo.gif
INFO: [ app_init ] --START--
INFO: Run Behavior\BuildLiteBehavior [ RunTime:0.000021s ]
INFO: [ app_init ] --END-- [ RunTime:0.000627s ]

[ 2015-06-01T14:21:45+08:00 ] ::1 /tp.com/shop/index.php/Home/user/style.css
INFO: [ app_init ] --START--
INFO: Run Behavior\BuildLiteBehavior [ RunTime:0.000024s ]
INFO: [ app_init ] --END-- [ RunTime:0.000487s ]

[ 2015-06-01T14:21:45+08:00 ] ::1 /tp.com/shop/index.php/Home/user/biao3.gif
INFO: [ app_init ] --START--
INFO: Run Behavior\BuildLiteBehavior [ RunTime:0.000026s ]
INFO: [ app_init ] --END-- [ RunTime:0.000511s ]

[ 2015-06-01T14:21:45+08:00 ] ::1 /tp.com/shop/index.php/Home/user/biao6.gif
INFO: [ app_init ] --START--
INFO: Run Behavior\BuildLiteBehavior [ RunTime:0.000019s ]
INFO: [ app_init ] --END-- [ RunTime:0.000384s ]

[ 2015-06-01T14:21:45+08:00 ] ::1 /tp.com/shop/index.php/Home/user/di.jpg
INFO: [ app_init ] --START--
INFO: Run Behavior\BuildLiteBehavior [ RunTime:0.000023s ]
INFO: [ app_init ] --END-- [ RunTime:0.000448s ]

[ 2015-06-01T14:21:45+08:00 ] ::1 /tp.com/shop/index.php/Home/user/biao7.gif
INFO: [ app_init ] --START--
INFO: Run Behavior\BuildLiteBehavior [ RunTime:0.000028s ]
INFO: [ app_init ] --END-- [ RunTime:0.000584s ]

[ 2015-06-01T14:21:45+08:00 ] ::1 /tp.com/shop/index.php/Home/user/bnt_ur_reg.gif
INFO: [ app_init ] --START--
INFO: Run Behavior\BuildLiteBehavior [ RunTime:0.000021s ]
INFO: [ app_init ] --END-- [ RunTime:0.000627s ]

[ 2015-06-01T14:21:45+08:00 ] ::1 /tp.com/shop/index.php/Home/user/images/sousuo.gif
INFO: [ app_init ] --START--
INFO: Run Behavior\BuildLiteBehavior [ RunTime:0.000022s ]
INFO: [ app_init ] --END-- [ RunTime:0.000833s ]

[ 2015-06-01T14:22:08+08:00 ] ::1 /tp.com/shop/index.php/home/index/index
INFO: [ app_init ] --START--
INFO: Run Behavior\BuildLiteBehavior [ RunTime:0.000015s ]
INFO: [ app_init ] --END-- [ RunTime:0.000310s ]
ERR: Syntax Error in template "/Users/pein/www/tp.com/shop/Home/View/Index/index.html"  on line 405 ".boxCenterList form{display:inline;}"  - Unexpected ":", expected one of: "}" , " "

[ 2015-06-01T14:22:24+08:00 ] ::1 /tp.com/shop/index.php/home/index/index
INFO: [ app_init ] --START--
INFO: Run Behavior\BuildLiteBehavior [ RunTime:0.000020s ]
INFO: [ app_init ] --END-- [ RunTime:0.000417s ]
ERR: Syntax Error in template "/Users/pein/www/tp.com/shop/Home/View/Index/index.html"  on line 405 ".boxCenterList form{display:inline;}"  - Unexpected ":", expected one of: "}" , " "

[ 2015-06-01T14:22:27+08:00 ] ::1 /tp.com/shop/index.php/home/index/Index
INFO: [ app_init ] --START--
INFO: Run Behavior\BuildLiteBehavior [ RunTime:0.000013s ]
INFO: [ app_init ] --END-- [ RunTime:0.000271s ]
ERR: Syntax Error in template "/Users/pein/www/tp.com/shop/Home/View/Index/Index.html"  on line 405 ".boxCenterList form{display:inline;}"  - Unexpected ":", expected one of: "}" , " "

[ 2015-06-01T14:22:33+08:00 ] ::1 /tp.com/shop/index.php/home/Index/Index
INFO: [ app_init ] --START--
INFO: Run Behavior\BuildLiteBehavior [ RunTime:0.000014s ]
INFO: [ app_init ] --END-- [ RunTime:0.000303s ]
ERR: Syntax Error in template "/Users/pein/www/tp.com/shop/Home/View/Index/Index.html"  on line 405 ".boxCenterList form{display:inline;}"  - Unexpected ":", expected one of: "}" , " "

[ 2015-06-01T14:22:37+08:00 ] ::1 /tp.com/shop/index.php/Home/Index/Index
INFO: [ app_init ] --START--
INFO: Run Behavior\BuildLiteBehavior [ RunTime:0.000015s ]
INFO: [ app_init ] --END-- [ RunTime:0.000282s ]
ERR: Syntax Error in template "/Users/pein/www/tp.com/shop/Home/View/Index/Index.html"  on line 405 ".boxCenterList form{display:inline;}"  - Unexpected ":", expected one of: "}" , " "

[ 2015-06-01T14:22:42+08:00 ] ::1 /tp.com/shop/index.php/Home/Index/Index
INFO: [ app_init ] --START--
INFO: Run Behavior\BuildLiteBehavior [ RunTime:0.000015s ]
INFO: [ app_init ] --END-- [ RunTime:0.000314s ]
ERR: Syntax Error in template "/Users/pein/www/tp.com/shop/Home/View/Index/Index.html"  on line 405 ".boxCenterList form{display:inline;}"  - Unexpected ":", expected one of: "}" , " "

[ 2015-06-01T14:22:42+08:00 ] ::1 /tp.com/shop/index.php/Home/Index/Index
INFO: [ app_init ] --START--
INFO: Run Behavior\BuildLiteBehavior [ RunTime:0.000014s ]
INFO: [ app_init ] --END-- [ RunTime:0.000270s ]
ERR: Syntax Error in template "/Users/pein/www/tp.com/shop/Home/View/Index/Index.html"  on line 405 ".boxCenterList form{display:inline;}"  - Unexpected ":", expected one of: "}" , " "

[ 2015-06-01T14:23:21+08:00 ] ::1 /tp.com/shop/index.php/Home/user/login
INFO: [ app_init ] --START--
INFO: Run Behavior\BuildLiteBehavior [ RunTime:0.000014s ]
INFO: [ app_init ] --END-- [ RunTime:0.000259s ]

[ 2015-06-01T14:23:21+08:00 ] ::1 /tp.com/shop/index.php/Home/user/logo.gif
INFO: [ app_init ] --START--
INFO: Run Behavior\BuildLiteBehavior [ RunTime:0.000019s ]
INFO: [ app_init ] --END-- [ RunTime:0.000374s ]

[ 2015-06-01T14:23:21+08:00 ] ::1 /tp.com/shop/index.php/Home/user/style.css
INFO: [ app_init ] --START--
INFO: Run Behavior\BuildLiteBehavior [ RunTime:0.000013s ]
INFO: [ app_init ] --END-- [ RunTime:0.000259s ]

[ 2015-06-01T14:23:21+08:00 ] ::1 /tp.com/shop/index.php/Home/user/biao3.gif
INFO: [ app_init ] --START--
INFO: Run Behavior\BuildLiteBehavior [ RunTime:0.000021s ]
INFO: [ app_init ] --END-- [ RunTime:0.000435s ]

[ 2015-06-01T14:23:21+08:00 ] ::1 /tp.com/shop/index.php/Home/user/biao7.gif
INFO: [ app_init ] --START--
INFO: Run Behavior\BuildLiteBehavior [ RunTime:0.000020s ]
INFO: [ app_init ] --END-- [ RunTime:0.000779s ]

[ 2015-06-01T14:23:21+08:00 ] ::1 /tp.com/shop/index.php/Home/user/bnt_ur_reg.gif
INFO: [ app_init ] --START--
INFO: Run Behavior\BuildLiteBehavior [ RunTime:0.000025s ]
INFO: [ app_init ] --END-- [ RunTime:0.000559s ]

[ 2015-06-01T14:23:21+08:00 ] ::1 /tp.com/shop/index.php/Home/user/biao6.gif
INFO: [ app_init ] --START--
INFO: Run Behavior\BuildLiteBehavior [ RunTime:0.000021s ]
INFO: [ app_init ] --END-- [ RunTime:0.000410s ]

[ 2015-06-01T14:23:21+08:00 ] ::1 /tp.com/shop/index.php/Home/user/di.jpg
INFO: [ app_init ] --START--
INFO: Run Behavior\BuildLiteBehavior [ RunTime:0.000029s ]
INFO: [ app_init ] --END-- [ RunTime:0.000560s ]

[ 2015-06-01T14:23:21+08:00 ] ::1 /tp.com/shop/index.php/Home/user/images/sousuo.gif
INFO: [ app_init ] --START--
INFO: Run Behavior\BuildLiteBehavior [ RunTime:0.000047s ]
INFO: [ app_init ] --END-- [ RunTime:0.000399s ]

[ 2015-06-01T14:23:28+08:00 ] ::1 /tp.com/shop/index.php/Home/user/register
INFO: [ app_init ] --START--
INFO: Run Behavior\BuildLiteBehavior [ RunTime:0.000013s ]
INFO: [ app_init ] --END-- [ RunTime:0.000266s ]

[ 2015-06-01T14:23:38+08:00 ] ::1 /tp.com/shop/index.php/Home/index/index
INFO: [ app_init ] --START--
INFO: Run Behavior\BuildLiteBehavior [ RunTime:0.000016s ]
INFO: [ app_init ] --END-- [ RunTime:0.000400s ]
ERR: Syntax Error in template "/Users/pein/www/tp.com/shop/Home/View/Index/index.html"  on line 405 ".boxCenterList form{display:inline;}"  - Unexpected ":", expected one of: "}" , " "

[ 2015-06-01T14:25:30+08:00 ] ::1 /tp.com/shop/index.php/Home/index/index
INFO: [ app_init ] --START--
INFO: Run Behavior\BuildLiteBehavior [ RunTime:0.000029s ]
INFO: [ app_init ] --END-- [ RunTime:0.002039s ]
ERR: Syntax Error in template "/Users/pein/www/tp.com/shop/Home/View/Index/index.html"  on line 405 ".boxCenterList form{display:inline}"  - Unexpected ":", expected one of: "}" , " "

[ 2015-06-01T14:25:50+08:00 ] ::1 /tp.com/shop/index.php/Home/index/index
INFO: [ app_init ] --START--
INFO: Run Behavior\BuildLiteBehavior [ RunTime:0.000013s ]
INFO: [ app_init ] --END-- [ RunTime:0.000269s ]
ERR: Syntax Error in template "/Users/pein/www/tp.com/shop/Home/View/Index/index.html"  on line 406 "&lt;!--.boxCenterList form{display:inline;}--&gt;"  - Unexpected ":", expected one of: "}" , " "

[ 2015-06-01T14:26:14+08:00 ] ::1 /tp.com/shop/index.php/Home/index/index
INFO: [ app_init ] --START--
INFO: Run Behavior\BuildLiteBehavior [ RunTime:0.000014s ]
INFO: [ app_init ] --END-- [ RunTime:0.000268s ]

[ 2015-06-01T14:27:12+08:00 ] ::1 /tp.com/shop/index.php/Home/index/index
INFO: [ app_init ] --START--
INFO: Run Behavior\BuildLiteBehavior [ RunTime:0.000017s ]
INFO: [ app_init ] --END-- [ RunTime:0.000539s ]

[ 2015-06-01T14:27:14+08:00 ] ::1 /tp.com/shop/index.php/Home/index/index
INFO: [ app_init ] --START--
INFO: Run Behavior\BuildLiteBehavior [ RunTime:0.000020s ]
INFO: [ app_init ] --END-- [ RunTime:0.000454s ]

[ 2015-06-01T16:30:11+08:00 ] ::1 /tp.com/index.php/home/index/index
INFO: [ app_init ] --START--
INFO: Run Behavior\BuildLiteBehavior [ RunTime:0.000025s ]
INFO: [ app_init ] --END-- [ RunTime:0.003036s ]

[ 2015-06-01T16:30:11+08:00 ] ::1 /tp.com/index.php/home/index/IMG_URLlogo.gif
INFO: [ app_init ] --START--
INFO: Run Behavior\BuildLiteBehavior [ RunTime:0.000024s ]
INFO: [ app_init ] --END-- [ RunTime:0.000491s ]

[ 2015-06-01T16:30:11+08:00 ] ::1 /tp.com/index.php/home/index/IMG_URLbiao6.gif
INFO: [ app_init ] --START--
INFO: Run Behavior\BuildLiteBehavior [ RunTime:0.000026s ]
INFO: [ app_init ] --END-- [ RunTime:0.000478s ]

[ 2015-06-01T16:30:11+08:00 ] ::1 /tp.com/index.php/home/index/IMG_URLtop_1.gif
INFO: [ app_init ] --START--
INFO: Run Behavior\BuildLiteBehavior [ RunTime:0.000034s ]
INFO: [ app_init ] --END-- [ RunTime:0.000598s ]

[ 2015-06-01T16:30:11+08:00 ] ::1 /tp.com/index.php/home/index/IMG_URLbiao7.gif
INFO: [ app_init ] --START--
INFO: Run Behavior\BuildLiteBehavior [ RunTime:0.000025s ]
INFO: [ app_init ] --END-- [ RunTime:0.000466s ]

[ 2015-06-01T16:30:11+08:00 ] ::1 /tp.com/index.php/home/index/IMG_URLbiao3.gif
INFO: [ app_init ] --START--
INFO: Run Behavior\BuildLiteBehavior [ RunTime:0.000027s ]
INFO: [ app_init ] --END-- [ RunTime:0.000614s ]

[ 2015-06-01T16:30:11+08:00 ] ::1 /tp.com/index.php/home/index/IMG_URL3_thumb_G_1241422082679.jpg
INFO: [ app_init ] --START--
INFO: Run Behavior\BuildLiteBehavior [ RunTime:0.000020s ]
INFO: [ app_init ] --END-- [ RunTime:0.000504s ]

[ 2015-06-01T16:30:11+08:00 ] ::1 /tp.com/index.php/home/index/IMG_URLtop_2.gif
INFO: [ app_init ] --START--
INFO: Run Behavior\BuildLiteBehavior [ RunTime:0.000019s ]
INFO: [ app_init ] --END-- [ RunTime:0.000387s ]

[ 2015-06-01T16:30:11+08:00 ] ::1 /tp.com/index.php/home/index/IMG_URLtop_3.gif
INFO: [ app_init ] --START--
INFO: Run Behavior\BuildLiteBehavior [ RunTime:0.000019s ]
INFO: [ app_init ] --END-- [ RunTime:0.000395s ]

[ 2015-06-01T16:30:11+08:00 ] ::1 /tp.com/index.php/home/index/IMG_URL12_thumb_G_1241965978410.jpg
INFO: [ app_init ] --START--
INFO: Run Behavior\BuildLiteBehavior [ RunTime:0.000036s ]
INFO: [ app_init ] --END-- [ RunTime:0.001218s ]

[ 2015-06-01T16:30:11+08:00 ] ::1 /tp.com/index.php/home/index/IMG_URL24_thumb_G_1241971981429.jpg
INFO: [ app_init ] --START--
INFO: Run Behavior\BuildLiteBehavior [ RunTime:0.000019s ]
INFO: [ app_init ] --END-- [ RunTime:0.000396s ]

[ 2015-06-01T16:30:11+08:00 ] ::1 /tp.com/index.php/home/index/IMG_URLtop_5.gif
INFO: [ app_init ] --START--
INFO: Run Behavior\BuildLiteBehavior [ RunTime:0.000020s ]
INFO: [ app_init ] --END-- [ RunTime:0.000393s ]

[ 2015-06-01T16:30:11+08:00 ] ::1 /tp.com/index.php/home/index/IMG_URLtop_6.gif
INFO: [ app_init ] --START--
INFO: Run Behavior\BuildLiteBehavior [ RunTime:0.000019s ]
INFO: [ app_init ] --END-- [ RunTime:0.000405s ]

[ 2015-06-01T16:30:11+08:00 ] ::1 /tp.com/index.php/home/index/IMG_URLtop_7.gif
INFO: [ app_init ] --START--
INFO: Run Behavior\BuildLiteBehavior [ RunTime:0.000021s ]
INFO: [ app_init ] --END-- [ RunTime:0.000413s ]

[ 2015-06-01T16:30:11+08:00 ] ::1 /tp.com/index.php/home/index/IMG_URLtop_4.gif
INFO: [ app_init ] --START--
INFO: Run Behavior\BuildLiteBehavior [ RunTime:0.000021s ]
INFO: [ app_init ] --END-- [ RunTime:0.011018s ]

[ 2015-06-01T16:30:11+08:00 ] ::1 /tp.com/index.php/home/index/IMG_URL1240803062307572427.gif
INFO: [ app_init ] --START--
INFO: Run Behavior\BuildLiteBehavior [ RunTime:0.000019s ]
INFO: [ app_init ] --END-- [ RunTime:0.000402s ]

[ 2015-06-01T16:30:11+08:00 ] ::1 /tp.com/index.php/home/index/IMG_URL1240802922410634065.gif
INFO: [ app_init ] --START--
INFO: Run Behavior\BuildLiteBehavior [ RunTime:0.000020s ]
INFO: [ app_init ] --END-- [ RunTime:0.000391s ]

[ 2015-06-01T16:30:11+08:00 ] ::1 /tp.com/index.php/home/index/IMG_URL111.jpg
INFO: [ app_init ] --START--
INFO: Run Behavior\BuildLiteBehavior [ RunTime:0.000019s ]
INFO: [ app_init ] --END-- [ RunTime:0.000385s ]

[ 2015-06-01T16:30:11+08:00 ] ::1 /tp.com/index.php/home/index/IMG_URL1240803144788047486.gif
INFO: [ app_init ] --START--
INFO: Run Behavior\BuildLiteBehavior [ RunTime:0.000021s ]
INFO: [ app_init ] --END-- [ RunTime:0.001515s ]

[ 2015-06-01T16:30:11+08:00 ] ::1 /tp.com/index.php/home/index/IMG_URL9_thumb_G_1241511871555.jpg
INFO: [ app_init ] --START--
INFO: Run Behavior\BuildLiteBehavior [ RunTime:0.000021s ]
INFO: [ app_init ] --END-- [ RunTime:0.000421s ]

[ 2015-06-01T16:30:11+08:00 ] ::1 /tp.com/index.php/home/index/IMG_URL1_thumb_G_1240902890710.jpg
INFO: [ app_init ] --START--
INFO: Run Behavior\BuildLiteBehavior [ RunTime:0.000019s ]
INFO: [ app_init ] --END-- [ RunTime:0.000422s ]

[ 2015-06-01T16:30:11+08:00 ] ::1 /tp.com/index.php/home/index/IMG_URL8_thumb_G_1241425513488.jpg
INFO: [ app_init ] --START--
INFO: Run Behavior\BuildLiteBehavior [ RunTime:0.000020s ]
INFO: [ app_init ] --END-- [ RunTime:0.000387s ]

[ 2015-06-01T16:30:11+08:00 ] ::1 /tp.com/index.php/home/index/IMG_URLdi.jpg
INFO: [ app_init ] --START--
INFO: Run Behavior\BuildLiteBehavior [ RunTime:0.000037s ]
INFO: [ app_init ] --END-- [ RunTime:0.000580s ]

[ 2015-06-01T16:30:11+08:00 ] ::1 /tp.com/index.php/home/index/CSS_URLstyle.css
INFO: [ app_init ] --START--
INFO: Run Behavior\BuildLiteBehavior [ RunTime:0.000020s ]
INFO: [ app_init ] --END-- [ RunTime:0.000402s ]
ERR: 非法操作:CSS_URLstyle.css

[ 2015-06-01T16:30:11+08:00 ] ::1 /tp.com/index.php/home/index/IMG_URLecmoban_link.jpg
INFO: [ app_init ] --START--
INFO: Run Behavior\BuildLiteBehavior [ RunTime:0.000020s ]
INFO: [ app_init ] --END-- [ RunTime:0.000419s ]

[ 2015-06-01T16:30:11+08:00 ] ::1 /tp.com/index.php/home/index/IMG_URLyongda_logo.gif
INFO: [ app_init ] --START--
INFO: Run Behavior\BuildLiteBehavior [ RunTime:0.000014s ]
INFO: [ app_init ] --END-- [ RunTime:0.000384s ]

[ 2015-06-01T16:30:11+08:00 ] ::1 /tp.com/index.php/home/index/IMG_URLsousuo.gif
INFO: [ app_init ] --START--
INFO: Run Behavior\BuildLiteBehavior [ RunTime:0.000015s ]
INFO: [ app_init ] --END-- [ RunTime:0.000460s ]

[ 2015-06-01T16:30:21+08:00 ] ::1 /tp.com/index.php/home/index/index
INFO: [ app_init ] --START--
INFO: Run Behavior\BuildLiteBehavior [ RunTime:0.000021s ]
INFO: [ app_init ] --END-- [ RunTime:0.000415s ]

[ 2015-06-01T16:30:21+08:00 ] ::1 /tp.com/index.php/home/index/IMG_URLtop_1.gif
INFO: [ app_init ] --START--
INFO: Run Behavior\BuildLiteBehavior [ RunTime:0.000021s ]
INFO: [ app_init ] --END-- [ RunTime:0.000370s ]

[ 2015-06-01T16:30:21+08:00 ] ::1 /tp.com/index.php/home/index/IMG_URLlogo.gif
INFO: [ app_init ] --START--
INFO: Run Behavior\BuildLiteBehavior [ RunTime:0.000019s ]
INFO: [ app_init ] --END-- [ RunTime:0.000397s ]

[ 2015-06-01T16:30:21+08:00 ] ::1 /tp.com/index.php/home/index/IMG_URLbiao7.gif
INFO: [ app_init ] --START--
INFO: Run Behavior\BuildLiteBehavior [ RunTime:0.000018s ]
INFO: [ app_init ] --END-- [ RunTime:0.000379s ]

[ 2015-06-01T16:30:21+08:00 ] ::1 /tp.com/index.php/home/index/IMG_URLbiao3.gif
INFO: [ app_init ] --START--
INFO: Run Behavior\BuildLiteBehavior [ RunTime:0.000025s ]
INFO: [ app_init ] --END-- [ RunTime:0.000510s ]

[ 2015-06-01T16:30:21+08:00 ] ::1 /tp.com/index.php/home/index/IMG_URL3_thumb_G_1241422082679.jpg
INFO: [ app_init ] --START--
INFO: Run Behavior\BuildLiteBehavior [ RunTime:0.000022s ]
INFO: [ app_init ] --END-- [ RunTime:0.000394s ]

[ 2015-06-01T16:30:21+08:00 ] ::1 /tp.com/index.php/home/index/IMG_URLbiao6.gif
INFO: [ app_init ] --START--
INFO: Run Behavior\BuildLiteBehavior [ RunTime:0.000024s ]
INFO: [ app_init ] --END-- [ RunTime:0.002431s ]

[ 2015-06-01T16:30:21+08:00 ] ::1 /tp.com/index.php/home/index/IMG_URLtop_2.gif
INFO: [ app_init ] --START--
INFO: Run Behavior\BuildLiteBehavior [ RunTime:0.000020s ]
INFO: [ app_init ] --END-- [ RunTime:0.000395s ]

[ 2015-06-01T16:30:21+08:00 ] ::1 /tp.com/index.php/home/index/IMG_URLtop_3.gif
INFO: [ app_init ] --START--
INFO: Run Behavior\BuildLiteBehavior [ RunTime:0.000019s ]
INFO: [ app_init ] --END-- [ RunTime:0.000363s ]

[ 2015-06-01T16:30:21+08:00 ] ::1 /tp.com/index.php/home/index/IMG_URL24_thumb_G_1241971981429.jpg
INFO: [ app_init ] --START--
INFO: Run Behavior\BuildLiteBehavior [ RunTime:0.000026s ]
INFO: [ app_init ] --END-- [ RunTime:0.000545s ]

[ 2015-06-01T16:30:21+08:00 ] ::1 /tp.com/index.php/home/index/CSS_URLstyle.css
INFO: [ app_init ] --START--
INFO: Run Behavior\BuildLiteBehavior [ RunTime:0.000029s ]
INFO: [ app_init ] --END-- [ RunTime:0.000549s ]
ERR: 非法操作:CSS_URLstyle.css

[ 2015-06-01T16:30:21+08:00 ] ::1 /tp.com/index.php/home/index/IMG_URL1240803062307572427.gif
INFO: [ app_init ] --START--
INFO: Run Behavior\BuildLiteBehavior [ RunTime:0.000022s ]
INFO: [ app_init ] --END-- [ RunTime:0.000434s ]

[ 2015-06-01T16:30:21+08:00 ] ::1 /tp.com/index.php/home/index/IMG_URLtop_6.gif
INFO: [ app_init ] --START--
INFO: Run Behavior\BuildLiteBehavior [ RunTime:0.000025s ]
INFO: [ app_init ] --END-- [ RunTime:0.000461s ]

[ 2015-06-01T16:30:21+08:00 ] ::1 /tp.com/index.php/home/index/IMG_URL12_thumb_G_1241965978410.jpg
INFO: [ app_init ] --START--
INFO: Run Behavior\BuildLiteBehavior [ RunTime:0.000032s ]
INFO: [ app_init ] --END-- [ RunTime:0.000601s ]

[ 2015-06-01T16:30:21+08:00 ] ::1 /tp.com/index.php/home/index/IMG_URLtop_5.gif
INFO: [ app_init ] --START--
INFO: Run Behavior\BuildLiteBehavior [ RunTime:0.000022s ]
INFO: [ app_init ] --END-- [ RunTime:0.000464s ]

[ 2015-06-01T16:30:21+08:00 ] ::1 /tp.com/index.php/home/index/IMG_URLtop_4.gif
INFO: [ app_init ] --START--
INFO: Run Behavior\BuildLiteBehavior [ RunTime:0.000023s ]
INFO: [ app_init ] --END-- [ RunTime:0.000576s ]

[ 2015-06-01T16:30:21+08:00 ] ::1 /tp.com/index.php/home/index/IMG_URL111.jpg
INFO: [ app_init ] --START--
INFO: Run Behavior\BuildLiteBehavior [ RunTime:0.000020s ]
INFO: [ app_init ] --END-- [ RunTime:0.000389s ]

[ 2015-06-01T16:30:21+08:00 ] ::1 /tp.com/index.php/home/index/IMG_URL9_thumb_G_1241511871555.jpg
INFO: [ app_init ] --START--
INFO: Run Behavior\BuildLiteBehavior [ RunTime:0.000018s ]
INFO: [ app_init ] --END-- [ RunTime:0.000383s ]

[ 2015-06-01T16:30:21+08:00 ] ::1 /tp.com/index.php/home/index/IMG_URL1240803144788047486.gif
INFO: [ app_init ] --START--
INFO: Run Behavior\BuildLiteBehavior [ RunTime:0.000018s ]
INFO: [ app_init ] --END-- [ RunTime:0.000392s ]

[ 2015-06-01T16:30:21+08:00 ] ::1 /tp.com/index.php/home/index/IMG_URLtop_7.gif
INFO: [ app_init ] --START--
INFO: Run Behavior\BuildLiteBehavior [ RunTime:0.000020s ]
INFO: [ app_init ] --END-- [ RunTime:0.000374s ]

[ 2015-06-01T16:30:21+08:00 ] ::1 /tp.com/index.php/home/index/IMG_URL8_thumb_G_1241425513488.jpg
INFO: [ app_init ] --START--
INFO: Run Behavior\BuildLiteBehavior [ RunTime:0.000962s ]
INFO: [ app_init ] --END-- [ RunTime:0.001438s ]

[ 2015-06-01T16:30:21+08:00 ] ::1 /tp.com/index.php/home/index/IMG_URLdi.jpg
INFO: [ app_init ] --START--
INFO: Run Behavior\BuildLiteBehavior [ RunTime:0.000022s ]
INFO: [ app_init ] --END-- [ RunTime:0.000499s ]

[ 2015-06-01T16:30:21+08:00 ] ::1 /tp.com/index.php/home/index/IMG_URL1_thumb_G_1240902890710.jpg
INFO: [ app_init ] --START--
INFO: Run Behavior\BuildLiteBehavior [ RunTime:0.000024s ]
INFO: [ app_init ] --END-- [ RunTime:0.000492s ]

[ 2015-06-01T16:30:21+08:00 ] ::1 /tp.com/index.php/home/index/IMG_URL1240802922410634065.gif
INFO: [ app_init ] --START--
INFO: Run Behavior\BuildLiteBehavior [ RunTime:0.000024s ]
INFO: [ app_init ] --END-- [ RunTime:0.000567s ]

[ 2015-06-01T16:30:21+08:00 ] ::1 /tp.com/index.php/home/index/IMG_URLecmoban_link.jpg
INFO: [ app_init ] --START--
INFO: Run Behavior\BuildLiteBehavior [ RunTime:0.000027s ]
INFO: [ app_init ] --END-- [ RunTime:0.000727s ]

[ 2015-06-01T16:30:21+08:00 ] ::1 /tp.com/index.php/home/index/IMG_URLyongda_logo.gif
INFO: [ app_init ] --START--
INFO: Run Behavior\BuildLiteBehavior [ RunTime:0.000030s ]
INFO: [ app_init ] --END-- [ RunTime:0.000538s ]

[ 2015-06-01T16:30:21+08:00 ] ::1 /tp.com/index.php/home/index/IMG_URLsousuo.gif
INFO: [ app_init ] --START--
INFO: Run Behavior\BuildLiteBehavior [ RunTime:0.000014s ]
INFO: [ app_init ] --END-- [ RunTime:0.000304s ]

[ 2015-06-01T16:30:38+08:00 ] ::1 /tp.com/index.php/home/index/index
INFO: [ app_init ] --START--
INFO: Run Behavior\BuildLiteBehavior [ RunTime:0.000014s ]
INFO: [ app_init ] --END-- [ RunTime:0.000397s ]

[ 2015-06-01T16:30:38+08:00 ] ::1 /tp.com/index.php/home/index/IMG_URLlogo.gif
INFO: [ app_init ] --START--
INFO: Run Behavior\BuildLiteBehavior [ RunTime:0.000019s ]
INFO: [ app_init ] --END-- [ RunTime:0.000364s ]

[ 2015-06-01T16:30:38+08:00 ] ::1 /tp.com/index.php/home/index/IMG_URLtop_1.gif
INFO: [ app_init ] --START--
INFO: Run Behavior\BuildLiteBehavior [ RunTime:0.000020s ]
INFO: [ app_init ] --END-- [ RunTime:0.000369s ]

[ 2015-06-01T16:30:38+08:00 ] ::1 /tp.com/index.php/home/index/IMG_URLbiao3.gif
INFO: [ app_init ] --START--
INFO: Run Behavior\BuildLiteBehavior [ RunTime:0.000024s ]
INFO: [ app_init ] --END-- [ RunTime:0.000783s ]

[ 2015-06-01T16:30:38+08:00 ] ::1 /tp.com/index.php/home/index/IMG_URLbiao7.gif
INFO: [ app_init ] --START--
INFO: Run Behavior\BuildLiteBehavior [ RunTime:0.000021s ]
INFO: [ app_init ] --END-- [ RunTime:0.000403s ]

[ 2015-06-01T16:30:38+08:00 ] ::1 /tp.com/index.php/home/index/IMG_URLbiao6.gif
INFO: [ app_init ] --START--
INFO: Run Behavior\BuildLiteBehavior [ RunTime:0.000028s ]
INFO: [ app_init ] --END-- [ RunTime:0.000529s ]

[ 2015-06-01T16:30:38+08:00 ] ::1 /tp.com/index.php/home/index/CSS_URLstyle.css
INFO: [ app_init ] --START--
INFO: Run Behavior\BuildLiteBehavior [ RunTime:0.000028s ]
INFO: [ app_init ] --END-- [ RunTime:0.001665s ]
ERR: 非法操作:CSS_URLstyle.css

[ 2015-06-01T16:30:38+08:00 ] ::1 /tp.com/index.php/home/index/IMG_URLtop_3.gif
INFO: [ app_init ] --START--
INFO: Run Behavior\BuildLiteBehavior [ RunTime:0.000026s ]
INFO: [ app_init ] --END-- [ RunTime:0.000582s ]

[ 2015-06-01T16:30:38+08:00 ] ::1 /tp.com/index.php/home/index/IMG_URLtop_4.gif
INFO: [ app_init ] --START--
INFO: Run Behavior\BuildLiteBehavior [ RunTime:0.000025s ]
INFO: [ app_init ] --END-- [ RunTime:0.000586s ]

[ 2015-06-01T16:30:38+08:00 ] ::1 /tp.com/index.php/home/index/IMG_URL24_thumb_G_1241971981429.jpg
INFO: [ app_init ] --START--
INFO: Run Behavior\BuildLiteBehavior [ RunTime:0.000021s ]
INFO: [ app_init ] --END-- [ RunTime:0.000485s ]

[ 2015-06-01T16:30:38+08:00 ] ::1 /tp.com/index.php/home/index/IMG_URL12_thumb_G_1241965978410.jpg
INFO: [ app_init ] --START--
INFO: Run Behavior\BuildLiteBehavior [ RunTime:0.000019s ]
INFO: [ app_init ] --END-- [ RunTime:0.000387s ]

[ 2015-06-01T16:30:38+08:00 ] ::1 /tp.com/index.php/home/index/IMG_URLtop_2.gif
INFO: [ app_init ] --START--
INFO: Run Behavior\BuildLiteBehavior [ RunTime:0.000022s ]
INFO: [ app_init ] --END-- [ RunTime:0.000612s ]

[ 2015-06-01T16:30:38+08:00 ] ::1 /tp.com/index.php/home/index/IMG_URLtop_7.gif
INFO: [ app_init ] --START--
INFO: Run Behavior\BuildLiteBehavior [ RunTime:0.000023s ]
INFO: [ app_init ] --END-- [ RunTime:0.000459s ]

[ 2015-06-01T16:30:38+08:00 ] ::1 /tp.com/index.php/home/index/IMG_URLtop_6.gif
INFO: [ app_init ] --START--
INFO: Run Behavior\BuildLiteBehavior [ RunTime:0.000020s ]
INFO: [ app_init ] --END-- [ RunTime:0.000476s ]

[ 2015-06-01T16:30:38+08:00 ] ::1 /tp.com/index.php/home/index/IMG_URL1240803062307572427.gif
INFO: [ app_init ] --START--
INFO: Run Behavior\BuildLiteBehavior [ RunTime:0.000025s ]
INFO: [ app_init ] --END-- [ RunTime:0.000443s ]

[ 2015-06-01T16:30:38+08:00 ] ::1 /tp.com/index.php/home/index/IMG_URL3_thumb_G_1241422082679.jpg
INFO: [ app_init ] --START--
INFO: Run Behavior\BuildLiteBehavior [ RunTime:0.000028s ]
INFO: [ app_init ] --END-- [ RunTime:0.000472s ]

[ 2015-06-01T16:30:38+08:00 ] ::1 /tp.com/index.php/home/index/IMG_URL1240802922410634065.gif
INFO: [ app_init ] --START--
INFO: Run Behavior\BuildLiteBehavior [ RunTime:0.000020s ]
INFO: [ app_init ] --END-- [ RunTime:0.000371s ]

[ 2015-06-01T16:30:38+08:00 ] ::1 /tp.com/index.php/home/index/IMG_URL111.jpg
INFO: [ app_init ] --START--
INFO: Run Behavior\BuildLiteBehavior [ RunTime:0.000029s ]
INFO: [ app_init ] --END-- [ RunTime:0.000771s ]

[ 2015-06-01T16:30:38+08:00 ] ::1 /tp.com/index.php/home/index/IMG_URLtop_5.gif
INFO: [ app_init ] --START--
INFO: Run Behavior\BuildLiteBehavior [ RunTime:0.000027s ]
INFO: [ app_init ] --END-- [ RunTime:0.002855s ]

[ 2015-06-01T16:30:38+08:00 ] ::1 /tp.com/index.php/home/index/IMG_URL1240803144788047486.gif
INFO: [ app_init ] --START--
INFO: Run Behavior\BuildLiteBehavior [ RunTime:0.000019s ]
INFO: [ app_init ] --END-- [ RunTime:0.000392s ]

[ 2015-06-01T16:30:38+08:00 ] ::1 /tp.com/index.php/home/index/IMG_URL1_thumb_G_1240902890710.jpg
INFO: [ app_init ] --START--
INFO: Run Behavior\BuildLiteBehavior [ RunTime:0.000021s ]
INFO: [ app_init ] --END-- [ RunTime:0.000429s ]

[ 2015-06-01T16:30:38+08:00 ] ::1 /tp.com/index.php/home/index/IMG_URL9_thumb_G_1241511871555.jpg
INFO: [ app_init ] --START--
INFO: Run Behavior\BuildLiteBehavior [ RunTime:0.000023s ]
INFO: [ app_init ] --END-- [ RunTime:0.000459s ]

[ 2015-06-01T16:30:38+08:00 ] ::1 /tp.com/index.php/home/index/IMG_URL8_thumb_G_1241425513488.jpg
INFO: [ app_init ] --START--
INFO: Run Behavior\BuildLiteBehavior [ RunTime:0.000024s ]
INFO: [ app_init ] --END-- [ RunTime:0.000719s ]

[ 2015-06-01T16:30:38+08:00 ] ::1 /tp.com/index.php/home/index/IMG_URLdi.jpg
INFO: [ app_init ] --START--
INFO: Run Behavior\BuildLiteBehavior [ RunTime:0.000019s ]
INFO: [ app_init ] --END-- [ RunTime:0.000404s ]

[ 2015-06-01T16:30:38+08:00 ] ::1 /tp.com/index.php/home/index/IMG_URLecmoban_link.jpg
INFO: [ app_init ] --START--
INFO: Run Behavior\BuildLiteBehavior [ RunTime:0.000020s ]
INFO: [ app_init ] --END-- [ RunTime:0.000432s ]

[ 2015-06-01T16:30:38+08:00 ] ::1 /tp.com/index.php/home/index/IMG_URLsousuo.gif
INFO: [ app_init ] --START--
INFO: Run Behavior\BuildLiteBehavior [ RunTime:0.000014s ]
INFO: [ app_init ] --END-- [ RunTime:0.000636s ]

[ 2015-06-01T16:30:38+08:00 ] ::1 /tp.com/index.php/home/index/IMG_URLyongda_logo.gif
INFO: [ app_init ] --START--
INFO: Run Behavior\BuildLiteBehavior [ RunTime:0.000039s ]
INFO: [ app_init ] --END-- [ RunTime:0.000401s ]

[ 2015-06-01T16:30:39+08:00 ] ::1 /tp.com/index.php/home/index/index
INFO: [ app_init ] --START--
INFO: Run Behavior\BuildLiteBehavior [ RunTime:0.000015s ]
INFO: [ app_init ] --END-- [ RunTime:0.000264s ]

[ 2015-06-01T16:30:39+08:00 ] ::1 /tp.com/index.php/home/index/IMG_URLlogo.gif
INFO: [ app_init ] --START--
INFO: Run Behavior\BuildLiteBehavior [ RunTime:0.000019s ]
INFO: [ app_init ] --END-- [ RunTime:0.000394s ]

[ 2015-06-01T16:30:39+08:00 ] ::1 /tp.com/index.php/home/index/CSS_URLstyle.css
INFO: [ app_init ] --START--
INFO: Run Behavior\BuildLiteBehavior [ RunTime:0.000019s ]
INFO: [ app_init ] --END-- [ RunTime:0.000369s ]
ERR: 非法操作:CSS_URLstyle.css

[ 2015-06-01T16:30:39+08:00 ] ::1 /tp.com/index.php/home/index/IMG_URLbiao6.gif
INFO: [ app_init ] --START--
INFO: Run Behavior\BuildLiteBehavior [ RunTime:0.000019s ]
INFO: [ app_init ] --END-- [ RunTime:0.000396s ]

[ 2015-06-01T16:30:39+08:00 ] ::1 /tp.com/index.php/home/index/IMG_URLbiao3.gif
INFO: [ app_init ] --START--
INFO: Run Behavior\BuildLiteBehavior [ RunTime:0.000022s ]
INFO: [ app_init ] --END-- [ RunTime:0.000422s ]

[ 2015-06-01T16:30:39+08:00 ] ::1 /tp.com/index.php/home/index/IMG_URLtop_1.gif
INFO: [ app_init ] --START--
INFO: Run Behavior\BuildLiteBehavior [ RunTime:0.000021s ]
INFO: [ app_init ] --END-- [ RunTime:0.000414s ]

[ 2015-06-01T16:30:39+08:00 ] ::1 /tp.com/index.php/home/index/IMG_URLbiao7.gif
INFO: [ app_init ] --START--
INFO: Run Behavior\BuildLiteBehavior [ RunTime:0.000023s ]
INFO: [ app_init ] --END-- [ RunTime:0.002003s ]

[ 2015-06-01T16:30:39+08:00 ] ::1 /tp.com/index.php/home/index/IMG_URL3_thumb_G_1241422082679.jpg
INFO: [ app_init ] --START--
INFO: Run Behavior\BuildLiteBehavior [ RunTime:0.000019s ]
INFO: [ app_init ] --END-- [ RunTime:0.000393s ]

[ 2015-06-01T16:30:39+08:00 ] ::1 /tp.com/index.php/home/index/IMG_URL24_thumb_G_1241971981429.jpg
INFO: [ app_init ] --START--
INFO: Run Behavior\BuildLiteBehavior [ RunTime:0.000024s ]
INFO: [ app_init ] --END-- [ RunTime:0.000459s ]

[ 2015-06-01T16:30:39+08:00 ] ::1 /tp.com/index.php/home/index/IMG_URLtop_2.gif
INFO: [ app_init ] --START--
INFO: Run Behavior\BuildLiteBehavior [ RunTime:0.000021s ]
INFO: [ app_init ] --END-- [ RunTime:0.000404s ]

[ 2015-06-01T16:30:39+08:00 ] ::1 /tp.com/index.php/home/index/IMG_URLtop_3.gif
INFO: [ app_init ] --START--
INFO: Run Behavior\BuildLiteBehavior [ RunTime:0.000019s ]
INFO: [ app_init ] --END-- [ RunTime:0.000368s ]

[ 2015-06-01T16:30:39+08:00 ] ::1 /tp.com/index.php/home/index/IMG_URL12_thumb_G_1241965978410.jpg
INFO: [ app_init ] --START--
INFO: Run Behavior\BuildLiteBehavior [ RunTime:0.000019s ]
INFO: [ app_init ] --END-- [ RunTime:0.000449s ]

[ 2015-06-01T16:30:39+08:00 ] ::1 /tp.com/index.php/home/index/IMG_URLtop_4.gif
INFO: [ app_init ] --START--
INFO: Run Behavior\BuildLiteBehavior [ RunTime:0.000022s ]
INFO: [ app_init ] --END-- [ RunTime:0.001619s ]

[ 2015-06-01T16:30:39+08:00 ] ::1 /tp.com/index.php/home/index/IMG_URLtop_6.gif
INFO: [ app_init ] --START--
INFO: Run Behavior\BuildLiteBehavior [ RunTime:0.000020s ]
INFO: [ app_init ] --END-- [ RunTime:0.000375s ]

[ 2015-06-01T16:30:39+08:00 ] ::1 /tp.com/index.php/home/index/IMG_URL1240802922410634065.gif
INFO: [ app_init ] --START--
INFO: Run Behavior\BuildLiteBehavior [ RunTime:0.000019s ]
INFO: [ app_init ] --END-- [ RunTime:0.000390s ]

[ 2015-06-01T16:30:39+08:00 ] ::1 /tp.com/index.php/home/index/IMG_URLtop_5.gif
INFO: [ app_init ] --START--
INFO: Run Behavior\BuildLiteBehavior [ RunTime:0.000018s ]
INFO: [ app_init ] --END-- [ RunTime:0.000392s ]

[ 2015-06-01T16:30:39+08:00 ] ::1 /tp.com/index.php/home/index/IMG_URL1240803062307572427.gif
INFO: [ app_init ] --START--
INFO: Run Behavior\BuildLiteBehavior [ RunTime:0.000018s ]
INFO: [ app_init ] --END-- [ RunTime:0.000397s ]

[ 2015-06-01T16:30:39+08:00 ] ::1 /tp.com/index.php/home/index/IMG_URLtop_7.gif
INFO: [ app_init ] --START--
INFO: Run Behavior\BuildLiteBehavior [ RunTime:0.000019s ]
INFO: [ app_init ] --END-- [ RunTime:0.000367s ]

[ 2015-06-01T16:30:39+08:00 ] ::1 /tp.com/index.php/home/index/IMG_URL1240803144788047486.gif
INFO: [ app_init ] --START--
INFO: Run Behavior\BuildLiteBehavior [ RunTime:0.000022s ]
INFO: [ app_init ] --END-- [ RunTime:0.000436s ]

[ 2015-06-01T16:30:39+08:00 ] ::1 /tp.com/index.php/home/index/IMG_URL9_thumb_G_1241511871555.jpg
INFO: [ app_init ] --START--
INFO: Run Behavior\BuildLiteBehavior [ RunTime:0.000020s ]
INFO: [ app_init ] --END-- [ RunTime:0.000410s ]

[ 2015-06-01T16:30:39+08:00 ] ::1 /tp.com/index.php/home/index/IMG_URL1_thumb_G_1240902890710.jpg
INFO: [ app_init ] --START--
INFO: Run Behavior\BuildLiteBehavior [ RunTime:0.000020s ]
INFO: [ app_init ] --END-- [ RunTime:0.000412s ]

[ 2015-06-01T16:30:39+08:00 ] ::1 /tp.com/index.php/home/index/IMG_URL111.jpg
INFO: [ app_init ] --START--
INFO: Run Behavior\BuildLiteBehavior [ RunTime:0.000020s ]
INFO: [ app_init ] --END-- [ RunTime:0.000366s ]

[ 2015-06-01T16:30:39+08:00 ] ::1 /tp.com/index.php/home/index/IMG_URLdi.jpg
INFO: [ app_init ] --START--
INFO: Run Behavior\BuildLiteBehavior [ RunTime:0.000019s ]
INFO: [ app_init ] --END-- [ RunTime:0.000387s ]

[ 2015-06-01T16:30:39+08:00 ] ::1 /tp.com/index.php/home/index/IMG_URLecmoban_link.jpg
INFO: [ app_init ] --START--
INFO: Run Behavior\BuildLiteBehavior [ RunTime:0.000027s ]
INFO: [ app_init ] --END-- [ RunTime:0.000485s ]

[ 2015-06-01T16:30:39+08:00 ] ::1 /tp.com/index.php/home/index/IMG_URLyongda_logo.gif
INFO: [ app_init ] --START--
INFO: Run Behavior\BuildLiteBehavior [ RunTime:0.000017s ]
INFO: [ app_init ] --END-- [ RunTime:0.000400s ]

[ 2015-06-01T16:30:39+08:00 ] ::1 /tp.com/index.php/home/index/IMG_URLsousuo.gif
INFO: [ app_init ] --START--
INFO: Run Behavior\BuildLiteBehavior [ RunTime:0.000018s ]
INFO: [ app_init ] --END-- [ RunTime:0.000463s ]

[ 2015-06-01T16:30:39+08:00 ] ::1 /tp.com/index.php/home/index/IMG_URL8_thumb_G_1241425513488.jpg
INFO: [ app_init ] --START--
INFO: Run Behavior\BuildLiteBehavior [ RunTime:0.000015s ]
INFO: [ app_init ] --END-- [ RunTime:0.000270s ]

[ 2015-06-01T16:31:35+08:00 ] ::1 /tp.com/shop/index.php/home/index/index
INFO: [ app_init ] --START--
INFO: Run Behavior\BuildLiteBehavior [ RunTime:0.000014s ]
INFO: [ app_init ] --END-- [ RunTime:0.000284s ]

