[ 2015-05-31T09:08:39+08:00 ] ::1 /tp.com/shop//index.php/Admin/Goods/add
INFO: [ app_init ] --START--
INFO: Run Behavior\BuildLiteBehavior [ RunTime:0.000024s ]
INFO: [ app_init ] --END-- [ RunTime:0.003174s ]

[ 2015-05-31T09:08:41+08:00 ] ::1 /tp.com/shop//index.php/Admin/Goods/add
INFO: [ app_init ] --START--
INFO: Run Behavior\BuildLiteBehavior [ RunTime:0.000042s ]
INFO: [ app_init ] --END-- [ RunTime:0.000552s ]

[ 2015-05-31T10:09:58+08:00 ] ::1 /tp.com/shop//index.php/Admin/Goods/show
INFO: [ app_init ] --START--
INFO: Run Behavior\BuildLiteBehavior [ RunTime:0.000050s ]
INFO: [ app_init ] --END-- [ RunTime:0.001863s ]

[ 2015-05-31T10:10:01+08:00 ] ::1 /tp.com/shop//index.php/Admin/Goods/update
INFO: [ app_init ] --START--
INFO: Run Behavior\BuildLiteBehavior [ RunTime:0.000063s ]
INFO: [ app_init ] --END-- [ RunTime:0.000478s ]

[ 2015-05-31T10:10:44+08:00 ] ::1 /tp.com/shop//index.php/Admin/Goods/show
INFO: [ app_init ] --START--
INFO: Run Behavior\BuildLiteBehavior [ RunTime:0.000026s ]
INFO: [ app_init ] --END-- [ RunTime:0.000497s ]

[ 2015-05-31T10:10:45+08:00 ] ::1 /tp.com/shop//index.php/Admin/Goods/update/2
INFO: [ app_init ] --START--
INFO: Run Behavior\BuildLiteBehavior [ RunTime:0.000024s ]
INFO: [ app_init ] --END-- [ RunTime:0.000489s ]

[ 2015-05-31T10:18:25+08:00 ] ::1 /tp.com/shop/index.php/admin/index/index
INFO: [ app_init ] --START--
INFO: Run Behavior\BuildLiteBehavior [ RunTime:0.000020s ]
INFO: [ app_init ] --END-- [ RunTime:0.000383s ]

[ 2015-05-31T10:18:27+08:00 ] ::1 /tp.com/shop/index.php/Admin/Index/left
INFO: [ app_init ] --START--
INFO: Run Behavior\BuildLiteBehavior [ RunTime:0.000017s ]
INFO: [ app_init ] --END-- [ RunTime:0.000351s ]

[ 2015-05-31T10:18:36+08:00 ] ::1 /tp.com/shop//index.php/Admin/Goods/update/2
INFO: [ app_init ] --START--
INFO: Run Behavior\BuildLiteBehavior [ RunTime:0.000018s ]
INFO: [ app_init ] --END-- [ RunTime:0.000364s ]

[ 2015-05-31T10:18:41+08:00 ] ::1 /tp.com/shop//index.php/Admin/Goods/update/2
INFO: [ app_init ] --START--
INFO: Run Behavior\BuildLiteBehavior [ RunTime:0.000016s ]
INFO: [ app_init ] --END-- [ RunTime:0.000335s ]

[ 2015-05-31T10:19:01+08:00 ] ::1 /tp.com/shop/index.php/admin/goods/update/2
INFO: [ app_init ] --START--
INFO: Run Behavior\BuildLiteBehavior [ RunTime:0.000030s ]
INFO: [ app_init ] --END-- [ RunTime:0.000665s ]

[ 2015-05-31T10:19:34+08:00 ] ::1 /tp.com/shop/index.php/admin/goods/update/2
INFO: [ app_init ] --START--
INFO: Run Behavior\BuildLiteBehavior [ RunTime:0.000018s ]
INFO: [ app_init ] --END-- [ RunTime:0.000362s ]

[ 2015-05-31T10:19:35+08:00 ] ::1 /tp.com/shop/index.php/admin/goods/update/2
INFO: [ app_init ] --START--
INFO: Run Behavior\BuildLiteBehavior [ RunTime:0.000014s ]
INFO: [ app_init ] --END-- [ RunTime:0.000301s ]

[ 2015-05-31T10:19:36+08:00 ] ::1 /tp.com/shop/index.php/admin/goods/update/2
INFO: [ app_init ] --START--
INFO: Run Behavior\BuildLiteBehavior [ RunTime:0.000013s ]
INFO: [ app_init ] --END-- [ RunTime:0.000287s ]

[ 2015-05-31T10:19:42+08:00 ] ::1 /tp.com/shop//index.php/Admin/Goods/update/2
INFO: [ app_init ] --START--
INFO: Run Behavior\BuildLiteBehavior [ RunTime:0.000018s ]
INFO: [ app_init ] --END-- [ RunTime:0.000413s ]

[ 2015-05-31T10:21:24+08:00 ] ::1 /tp.com/shop//index.php/Admin/Goods/show
INFO: [ app_init ] --START--
INFO: Run Behavior\BuildLiteBehavior [ RunTime:0.000020s ]
INFO: [ app_init ] --END-- [ RunTime:0.000383s ]

[ 2015-05-31T10:21:26+08:00 ] ::1 /tp.com/shop//index.php/Admin/Goods/update?goods_id=2
INFO: [ app_init ] --START--
INFO: Run Behavior\BuildLiteBehavior [ RunTime:0.000014s ]
INFO: [ app_init ] --END-- [ RunTime:0.000282s ]

[ 2015-05-31T10:22:42+08:00 ] ::1 /tp.com/shop//index.php/Admin/Goods/show
INFO: [ app_init ] --START--
INFO: Run Behavior\BuildLiteBehavior [ RunTime:0.000014s ]
INFO: [ app_init ] --END-- [ RunTime:0.000320s ]

[ 2015-05-31T10:24:25+08:00 ] ::1 /tp.com/shop/index.php/admin/index/index
INFO: [ app_init ] --START--
INFO: Run Behavior\BuildLiteBehavior [ RunTime:0.000015s ]
INFO: [ app_init ] --END-- [ RunTime:0.000305s ]

[ 2015-05-31T10:25:11+08:00 ] ::1 /tp.com/shop/index.php/admin/index/index
INFO: [ app_init ] --START--
INFO: Run Behavior\BuildLiteBehavior [ RunTime:0.000016s ]
INFO: [ app_init ] --END-- [ RunTime:0.000395s ]

[ 2015-05-31T10:25:22+08:00 ] ::1 /tp.com/shop//index.php/Admin/Goods/update?goods_id=2
INFO: [ app_init ] --START--
INFO: Run Behavior\BuildLiteBehavior [ RunTime:0.000027s ]
INFO: [ app_init ] --END-- [ RunTime:0.000492s ]

[ 2015-05-31T10:26:19+08:00 ] ::1 /tp.com/shop/index.php/admin/goods/update
INFO: [ app_init ] --START--
INFO: Run Behavior\BuildLiteBehavior [ RunTime:0.000014s ]
INFO: [ app_init ] --END-- [ RunTime:0.000262s ]

[ 2015-05-31T10:26:27+08:00 ] ::1 /tp.com/shop/index.php/admin/goods/update?goods_id=4
INFO: [ app_init ] --START--
INFO: Run Behavior\BuildLiteBehavior [ RunTime:0.000019s ]
INFO: [ app_init ] --END-- [ RunTime:0.000387s ]

[ 2015-05-31T10:27:16+08:00 ] ::1 /tp.com/shop/index.php/admin/goods/update?goods_id=4
INFO: [ app_init ] --START--
INFO: Run Behavior\BuildLiteBehavior [ RunTime:0.000019s ]
INFO: [ app_init ] --END-- [ RunTime:0.000366s ]

[ 2015-05-31T11:02:48+08:00 ] ::1 /tp.com/shop/index.php/admin/goods/update?goods_id=4
INFO: [ app_init ] --START--
INFO: Run Behavior\BuildLiteBehavior [ RunTime:0.000029s ]
INFO: [ app_init ] --END-- [ RunTime:0.001784s ]

[ 2015-05-31T11:16:48+08:00 ] ::1 /tp.com/shop//index.php/Admin/Goods/show
INFO: [ app_init ] --START--
INFO: Run Behavior\BuildLiteBehavior [ RunTime:0.000014s ]
INFO: [ app_init ] --END-- [ RunTime:0.000279s ]

[ 2015-05-31T11:16:57+08:00 ] ::1 /tp.com/shop//index.php/Admin/Goods/update/goods_id/2
INFO: [ app_init ] --START--
INFO: Run Behavior\BuildLiteBehavior [ RunTime:0.000016s ]
INFO: [ app_init ] --END-- [ RunTime:0.000506s ]

[ 2015-05-31T11:25:19+08:00 ] ::1 /tp.com/shop//index.php/Admin/Goods/update/goods_id/2
INFO: [ app_init ] --START--
INFO: Run Behavior\BuildLiteBehavior [ RunTime:0.000025s ]
INFO: [ app_init ] --END-- [ RunTime:0.000559s ]

[ 2015-05-31T11:30:56+08:00 ] ::1 /tp.com/shop//index.php/Admin/Goods/update/goods_id/2
INFO: [ app_init ] --START--
INFO: Run Behavior\BuildLiteBehavior [ RunTime:0.000025s ]
INFO: [ app_init ] --END-- [ RunTime:0.000601s ]

[ 2015-05-31T11:31:43+08:00 ] ::1 /tp.com/shop//index.php/Admin/Goods/update/goods_id/2
INFO: [ app_init ] --START--
INFO: Run Behavior\BuildLiteBehavior [ RunTime:0.000017s ]
INFO: [ app_init ] --END-- [ RunTime:0.000342s ]

[ 2015-05-31T11:32:12+08:00 ] ::1 /tp.com/shop//index.php/Admin/Goods/update/goods_id/2
INFO: [ app_init ] --START--
INFO: Run Behavior\BuildLiteBehavior [ RunTime:0.000015s ]
INFO: [ app_init ] --END-- [ RunTime:0.000306s ]

[ 2015-05-31T11:32:30+08:00 ] ::1 /tp.com/shop//index.php/Admin/Goods/update/goods_id/2
INFO: [ app_init ] --START--
INFO: Run Behavior\BuildLiteBehavior [ RunTime:0.000014s ]
INFO: [ app_init ] --END-- [ RunTime:0.000267s ]

[ 2015-05-31T11:54:19+08:00 ] ::1 /tp.com/shop//index.php/Admin/Goods/update/goods_id/2
INFO: [ app_init ] --START--
INFO: Run Behavior\BuildLiteBehavior [ RunTime:0.000023s ]
INFO: [ app_init ] --END-- [ RunTime:0.001974s ]

[ 2015-05-31T11:54:38+08:00 ] ::1 /tp.com/shop//index.php/Admin/Goods/update/goods_id/2
INFO: [ app_init ] --START--
INFO: Run Behavior\BuildLiteBehavior [ RunTime:0.000016s ]
INFO: [ app_init ] --END-- [ RunTime:0.000291s ]

[ 2015-05-31T11:55:04+08:00 ] ::1 /tp.com/shop//index.php/Admin/Goods/update/goods_id/2
INFO: [ app_init ] --START--
INFO: Run Behavior\BuildLiteBehavior [ RunTime:0.000029s ]
INFO: [ app_init ] --END-- [ RunTime:0.000745s ]

[ 2015-05-31T11:55:20+08:00 ] ::1 /tp.com/shop//index.php/Admin/Goods/update/goods_id/2
INFO: [ app_init ] --START--
INFO: Run Behavior\BuildLiteBehavior [ RunTime:0.000014s ]
INFO: [ app_init ] --END-- [ RunTime:0.000282s ]

[ 2015-05-31T11:55:27+08:00 ] ::1 /tp.com/shop//index.php/Admin/Goods/update/goods_id/2
INFO: [ app_init ] --START--
INFO: Run Behavior\BuildLiteBehavior [ RunTime:0.000021s ]
INFO: [ app_init ] --END-- [ RunTime:0.000449s ]

[ 2015-05-31T11:55:31+08:00 ] ::1 /tp.com/shop//index.php/Admin/Goods/update/goods_id/2
INFO: [ app_init ] --START--
INFO: Run Behavior\BuildLiteBehavior [ RunTime:0.000015s ]
INFO: [ app_init ] --END-- [ RunTime:0.000278s ]

[ 2015-05-31T11:55:33+08:00 ] ::1 /tp.com/shop//index.php/Admin/Goods/update/goods_id/2
INFO: [ app_init ] --START--
INFO: Run Behavior\BuildLiteBehavior [ RunTime:0.000018s ]
INFO: [ app_init ] --END-- [ RunTime:0.000374s ]

[ 2015-05-31T11:55:48+08:00 ] ::1 /tp.com/shop//index.php/Admin/Goods/update/goods_id/2
INFO: [ app_init ] --START--
INFO: Run Behavior\BuildLiteBehavior [ RunTime:0.000014s ]
INFO: [ app_init ] --END-- [ RunTime:0.000273s ]

[ 2015-05-31T13:33:39+08:00 ] ::1 /tp.com/shop//index.php/Admin/Goods/show
INFO: [ app_init ] --START--
INFO: Run Behavior\BuildLiteBehavior [ RunTime:0.000019s ]
INFO: [ app_init ] --END-- [ RunTime:0.000398s ]

[ 2015-05-31T13:33:42+08:00 ] ::1 /tp.com/shop//index.php/Admin/Goods/update/goods_id/2
INFO: [ app_init ] --START--
INFO: Run Behavior\BuildLiteBehavior [ RunTime:0.000017s ]
INFO: [ app_init ] --END-- [ RunTime:0.000381s ]

[ 2015-05-31T13:33:47+08:00 ] ::1 /tp.com/shop//index.php/Admin/Goods/update/goods_id/2
INFO: [ app_init ] --START--
INFO: Run Behavior\BuildLiteBehavior [ RunTime:0.000019s ]
INFO: [ app_init ] --END-- [ RunTime:0.000411s ]

[ 2015-05-31T13:35:10+08:00 ] ::1 /tp.com/shop//index.php/Admin/Goods/update/goods_id/2
INFO: [ app_init ] --START--
INFO: Run Behavior\BuildLiteBehavior [ RunTime:0.000019s ]
INFO: [ app_init ] --END-- [ RunTime:0.000433s ]

[ 2015-05-31T13:35:16+08:00 ] ::1 /tp.com/shop//index.php/Admin/Goods/update/goods_id/2
INFO: [ app_init ] --START--
INFO: Run Behavior\BuildLiteBehavior [ RunTime:0.000016s ]
INFO: [ app_init ] --END-- [ RunTime:0.000316s ]

[ 2015-05-31T13:35:22+08:00 ] ::1 /tp.com/shop/index.php/admin/index/index
INFO: [ app_init ] --START--
INFO: Run Behavior\BuildLiteBehavior [ RunTime:0.000014s ]
INFO: [ app_init ] --END-- [ RunTime:0.000279s ]

[ 2015-05-31T13:35:27+08:00 ] ::1 /tp.com/shop//index.php/Admin/Goods/show
INFO: [ app_init ] --START--
INFO: Run Behavior\BuildLiteBehavior [ RunTime:0.000015s ]
INFO: [ app_init ] --END-- [ RunTime:0.000290s ]

